<?xml version="1.0" encoding="UTF-8"?>
<!-- Generated by org.testng.reporters.JUnitXMLReporter -->
<testsuite ignored="0" hostname="LAPTOP-7A23BLBV" failures="0" tests="1" name="Test" time="0.035" errors="0" timestamp="2022-01-17T01:53:21 EST">
  <testcase classname="Common.Utility" name="@BeforeMethod beforeMethod" time="-1.642402401439E9">
    <failure type="org.testng.TestNGException" message="
Parameter &amp;apos;browser&amp;apos; is required by BeforeMethod on method beforeMethod but has not been marked @Optional or defined
in C:\Users\jerry\eclipse\java-2021-09\Project_Amazon\20369_BootCamp_Amazon\testng.xml">
      <![CDATA[org.testng.TestNGException: 
Parameter 'browser' is required by BeforeMethod on method beforeMethod but has not been marked @Optional or defined
in C:\Users\jerry\eclipse\java-2021-09\Project_Amazon\20369_BootCamp_Amazon\testng.xml
at java.base/java.util.ArrayList.forEach(ArrayList.java:1511)
... Removed 28 stack frames]]>
    </failure>
  </testcase> <!-- @BeforeMethod beforeMethod -->
  <testcase classname="ProjectBootcamp3.Amazon.CartTest" name="@BeforeMethod beforeMethod" time="-1.642402401445E9">
    <skipped/>
  </testcase> <!-- @BeforeMethod beforeMethod -->
  <testcase classname="ProjectBootcamp3.Amazon.CartTest" name="@AfterMethod afterMethod" time="-1.642402401451E9">
    <skipped/>
  </testcase> <!-- @AfterMethod afterMethod -->
  <testcase classname="ProjectBootcamp3.Amazon.CartTest" name="f" time="0.0">
    <skipped/>
  </testcase> <!-- f -->
</testsuite> <!-- Test -->
